f:\cplusplus\videoeditor\src\videoeditorproject\debug\vc140.pdb
f:\cplusplus\videoeditor\src\videoeditorproject\debug\qrc_xvideoui.obj
f:\cplusplus\videoeditor\src\videoeditorproject\debug\xvideowidget.obj
f:\cplusplus\videoeditor\src\videoeditorproject\debug\xvideoui.obj
f:\cplusplus\videoeditor\src\videoeditorproject\debug\main.obj
f:\cplusplus\videoeditor\src\videoeditorproject\debug\moc_xvideowidget.obj
f:\cplusplus\videoeditor\src\videoeditorproject\debug\moc_xvideoui.obj
f:\cplusplus\videoeditor\src\videoeditorproject\debug\xvideothread.obj
f:\cplusplus\videoeditor\src\videoeditorproject\debug\moc_xvideothread.obj
f:\cplusplus\videoeditor\src\videoeditorproject\generatedfiles\qrc_xvideoui.cpp
f:\cplusplus\videoeditor\src\videoeditorproject\generatedfiles\debug\moc_xvideowidget.cpp
f:\cplusplus\videoeditor\src\videoeditorproject\generatedfiles\ui_xvideoui.h
f:\cplusplus\videoeditor\src\videoeditorproject\generatedfiles\debug\moc_xvideoui.cpp
f:\cplusplus\videoeditor\src\videoeditorproject\generatedfiles\debug\moc_xvideothread.cpp
f:\cplusplus\videoeditor\bin\videoeditorproject.ilk
f:\cplusplus\videoeditor\bin\videoeditorproject.exe
f:\cplusplus\videoeditor\bin\videoeditorproject.pdb
f:\cplusplus\videoeditor\src\videoeditorproject\..\..\bin\videoeditorproject.exe
f:\cplusplus\videoeditor\src\videoeditorproject\debug\videoedi.b12702ad.tlog\cl.command.1.tlog
f:\cplusplus\videoeditor\src\videoeditorproject\debug\videoedi.b12702ad.tlog\cl.read.1.tlog
f:\cplusplus\videoeditor\src\videoeditorproject\debug\videoedi.b12702ad.tlog\cl.write.1.tlog
f:\cplusplus\videoeditor\src\videoeditorproject\debug\videoedi.b12702ad.tlog\custombuild.command.1.tlog
f:\cplusplus\videoeditor\src\videoeditorproject\debug\videoedi.b12702ad.tlog\custombuild.read.1.tlog
f:\cplusplus\videoeditor\src\videoeditorproject\debug\videoedi.b12702ad.tlog\custombuild.write.1.tlog
f:\cplusplus\videoeditor\src\videoeditorproject\debug\videoedi.b12702ad.tlog\link.command.1.tlog
f:\cplusplus\videoeditor\src\videoeditorproject\debug\videoedi.b12702ad.tlog\link.read.1.tlog
f:\cplusplus\videoeditor\src\videoeditorproject\debug\videoedi.b12702ad.tlog\link.write.1.tlog
